{
  "stats": {
    "suites": 0,
    "tests": 1,
    "passes": 0,
    "pending": 0,
    "failures": 1,
    "start": "2025-06-12T04:56:51.862Z",
    "end": "2025-06-12T04:56:52.405Z",
    "duration": 543,
    "testsRegistered": 1,
    "passPercent": 0,
    "pendingPercent": 0,
    "other": 0,
    "hasOther": false,
    "skipped": 0,
    "hasSkipped": false
  },
  "results": [
    {
      "uuid": "26fcaaa8-9af8-4030-b098-6b62a7de9234",
      "title": "",
      "fullFile": "cypress\\e2e\\BDD\\bk_frame.feature",
      "file": "cypress\\e2e\\BDD\\bk_frame.feature",
      "beforeHooks": [],
      "afterHooks": [],
      "tests": [
        {
          "title": "An uncaught error was detected outside of a test",
          "fullTitle": "An uncaught error was detected outside of a test",
          "timedOut": null,
          "duration": 226,
          "state": "failed",
          "speed": null,
          "pass": false,
          "fail": true,
          "pending": false,
          "context": null,
          "code": "throw err;",
          "err": {
            "message": "TypeError: The following error originated from your test code, not from Cypress.\n\n  > (0 , import_cypress_cucumber_preprocessor.And) is not a function\n\nWhen Cypress detects uncaught errors originating from your test code it will automatically fail the current test.\n\nCypress could not associate this error to any specific test.\n\nWe dynamically generated a new test to display this failure.",
            "estack": "TypeError: The following error originated from your test code, not from Cypress.\n\n  > (0 , import_cypress_cucumber_preprocessor.And) is not a function\n\nWhen Cypress detects uncaught errors originating from your test code it will automatically fail the current test.\n\nCypress could not associate this error to any specific test.\n\nWe dynamically generated a new test to display this failure.\n    at Suite.eval (https://rahulshettyacademy.com/__cypress/tests?p=cypress\\e2e\\BDD\\bk_frame.feature:14082:54)\n    at Object.create (https://rahulshettyacademy.com/__cypress/runner/cypress_runner.js:164936:19)\n    at context.describe.context.context (https://rahulshettyacademy.com/__cypress/runner/cypress_runner.js:164623:27)\n    at createRunnable (https://rahulshettyacademy.com/__cypress/runner/cypress_runner.js:148638:31)\n    at <unknown> (https://rahulshettyacademy.com/__cypress/runner/cypress_runner.js:148699:14)\n    at cypress/e2e/BDD/bk_frame/bk_framework2.cy.js (https://rahulshettyacademy.com/__cypress/tests?p=cypress\\e2e\\BDD\\bk_frame.feature:14053:7)\n    at __init (https://rahulshettyacademy.com/__cypress/tests?p=cypress\\e2e\\BDD\\bk_frame.feature:9:58)\n    at eval (https://rahulshettyacademy.com/__cypress/tests?p=cypress\\e2e\\BDD\\bk_frame.feature:14121:3)\n    at eval (https://rahulshettyacademy.com/__cypress/tests?p=cypress\\e2e\\BDD\\bk_frame.feature:14124:3)\n    at eval (<anonymous>)",
            "diff": null
          },
          "uuid": "01786712-0bd9-45d1-a5d8-d0685b8a1927",
          "parentUUID": "26fcaaa8-9af8-4030-b098-6b62a7de9234",
          "isHook": false,
          "skipped": false
        }
      ],
      "suites": [],
      "passes": [],
      "failures": [
        "01786712-0bd9-45d1-a5d8-d0685b8a1927"
      ],
      "pending": [],
      "skipped": [],
      "duration": 226,
      "root": true,
      "rootEmpty": false,
      "_timeout": 2000
    }
  ],
  "meta": {
    "mocha": {
      "version": "7.2.0"
    },
    "mochawesome": {
      "options": {
        "quiet": false,
        "reportFilename": "mochawesome",
        "saveHtml": false,
        "saveJson": true,
        "consoleReporter": "spec",
        "useInlineDiffs": false,
        "code": true
      },
      "version": "7.1.3"
    },
    "marge": {
      "options": {
        "reportDir": "cypress/reports/mochawesome",
        "overwrite": false,
        "html": false,
        "json": true
      },
      "version": "6.2.0"
    }
  }
}