{
  "stats": {
    "suites": 1,
    "tests": 1,
    "passes": 0,
    "pending": 0,
    "failures": 1,
    "start": "2025-06-09T07:11:39.967Z",
    "end": "2025-06-09T07:11:40.499Z",
    "duration": 532,
    "testsRegistered": 1,
    "passPercent": 0,
    "pendingPercent": 0,
    "other": 0,
    "hasOther": false,
    "skipped": 0,
    "hasSkipped": false
  },
  "results": [
    {
      "uuid": "951d8300-73e5-4f96-b048-edb5e8aab1c1",
      "title": "",
      "fullFile": "cypress\\e2e\\SanityTests\\bk_framework1.cy.js",
      "file": "cypress\\e2e\\SanityTests\\bk_framework1.cy.js",
      "beforeHooks": [],
      "afterHooks": [],
      "tests": [],
      "suites": [
        {
          "uuid": "d5a2a16a-ee1d-4b21-9a75-afcc6d0eeb04",
          "title": "Other Automation Areas",
          "fullFile": "",
          "file": "",
          "beforeHooks": [],
          "afterHooks": [],
          "tests": [
            {
              "title": "bk_framework1",
              "fullTitle": "Other Automation Areas bk_framework1",
              "timedOut": null,
              "duration": 258,
              "state": "failed",
              "speed": null,
              "pass": false,
              "fail": true,
              "pending": false,
              "context": null,
              "code": "const homepage = new _HomePage.default();\n//cy.visit(Cypress.config('baseUrl'))\ncy.visit(Cypress.env('url'));\ncy.url().should('include', 'angular');\nhomepage.getNameBox().type(testData.name);\nhomepage.getGender().select(testData.gender);\n// Pause for debugging\n//cy.pause()\n//cy.debug()     \n// Two way binding text validation\nhomepage.getTwoWayBindingBox().should('have.value', testData.name);\n// Min len attributes\nhomepage.getNameBox().should(\"have.attr\", 'minlength', \"2\");\nhomepage.getEntrepRadioButton().should('be.disabled');\nhomepage.getEntrepLabel().should('have.css', 'color', 'rgb(108, 117, 125)');\nhomepge.getEmployedRadioButtonLabel().should('have.css', 'color', 'rgb(33, 37, 41)');\nhomepage.getShopTab().click();\ncy.wait(2000);\ntestData.productName.forEach(function (element) {\n  cy.selectProduct(element);\n});\nconst shoppage = new _ShopPage.default();\nshoppage.getCheckOutButton().click();\nvar sumProdct = 0;\ncy.get('tr > :nth-child(4) > strong').each(($el, next, $list) => {\n  var productPrice = Number($el.text().split(\" \")[1].trim());\n  sumProdct += productPrice;\n  console.log(sumProdct);\n});\ncy.get('h3 > strong').then(function (element) {\n  var totalPrice = Number(element.text().split(\" \")[1].trim());\n  expect(totalPrice).to.equal(sumProdct);\n  console.log(totalPrice);\n});\nconst checkoutpage = new _CheckOutPage.default();\ncy.wait(2000);\ncheckoutpage.getCheckOutButton().click();\nconst purpage = new _PurchasePage.default();\npurpage.getCountryBox().type(\"india\");\ncy.wait(2000);\npurpage.getCountryAutoSugestions().click();\ncy.wait(2000);\npurpage.getAgreementCheckBox().click({\n  force: true\n});\npurpage.getPurchaseButton().click();\npurpage.getFinalMessage().should('include.text', \"Success\");\ncy.get('.alert').then(function (element) {\n  const actualtext = element.text();\n  expect(actualtext.includes(\"Success\")).to.be.true;\n});",
              "err": {
                "message": "ReferenceError: homepge is not defined",
                "estack": "ReferenceError: homepge is not defined\n    at Context.eval (webpack://secondbatchcypressproject25/./cypress/e2e/SanityTests/bk_framework1.cy.js:38:6)\n    at runnable.fn (https://rahulshettyacademy.com/__cypress/runner/cypress_runner.js:141400:19)\n    at callFn (https://rahulshettyacademy.com/__cypress/runner/cypress_runner.js:160478:21)\n    at Runnable.run (https://rahulshettyacademy.com/__cypress/runner/cypress_runner.js:160465:7)\n    at <unknown> (https://rahulshettyacademy.com/__cypress/runner/cypress_runner.js:166537:30)\n    at PassThroughHandlerContext.finallyHandler (https://rahulshettyacademy.com/__cypress/runner/cypress_runner.js:4042:23)\n    at PassThroughHandlerContext.tryCatcher (https://rahulshettyacademy.com/__cypress/runner/cypress_runner.js:1777:23)\n    at Promise._settlePromiseFromHandler (https://rahulshettyacademy.com/__cypress/runner/cypress_runner.js:1489:31)\n    at Promise._settlePromise (https://rahulshettyacademy.com/__cypress/runner/cypress_runner.js:1546:18)",
                "diff": null
              },
              "uuid": "ccf5898b-565b-4b36-bb68-6f5d2b9ab5f4",
              "parentUUID": "d5a2a16a-ee1d-4b21-9a75-afcc6d0eeb04",
              "isHook": false,
              "skipped": false
            }
          ],
          "suites": [],
          "passes": [],
          "failures": [
            "ccf5898b-565b-4b36-bb68-6f5d2b9ab5f4"
          ],
          "pending": [],
          "skipped": [],
          "duration": 258,
          "root": false,
          "rootEmpty": false,
          "_timeout": 2000
        }
      ],
      "passes": [],
      "failures": [],
      "pending": [],
      "skipped": [],
      "duration": 0,
      "root": true,
      "rootEmpty": true,
      "_timeout": 2000
    }
  ],
  "meta": {
    "mocha": {
      "version": "7.2.0"
    },
    "mochawesome": {
      "options": {
        "quiet": false,
        "reportFilename": "mochawesome",
        "saveHtml": false,
        "saveJson": true,
        "consoleReporter": "spec",
        "useInlineDiffs": false,
        "code": true
      },
      "version": "7.1.3"
    },
    "marge": {
      "options": {
        "reportDir": "cypress/reports/mochawesome",
        "overwrite": false,
        "html": false,
        "json": true
      },
      "version": "6.2.0"
    }
  }
}